<?xml version="1.0" encoding="UTF-8"?>
<!-- Generated by org.testng.reporters.JUnitReportReporter -->
<testsuite skipped="0" hostname="Dhana" name="com.inetbanking.testCases.TC_AddCustomerTest_003" tests="1" failures="0" timestamp="15 Oct 2019 03:08:50 GMT" time="53.947" errors="0">
  <testcase name="addNewCustomer" time="53.947" classname="com.inetbanking.testCases.TC_AddCustomerTest_003"/>
</testsuite> <!-- com.inetbanking.testCases.TC_AddCustomerTest_003 -->
