<?xml version="1.0" encoding="UTF-8"?>
<!-- Generated by org.testng.reporters.JUnitReportReporter -->
<testsuite skipped="0" hostname="Dhana" name="com.inetbanking.testCases.TC_LoginPage_001" tests="1" failures="0" timestamp="16 Oct 2019 18:58:52 GMT" time="2.428" errors="0">
  <testcase name="logintest" time="2.428" classname="com.inetbanking.testCases.TC_LoginPage_001"/>
</testsuite> <!-- com.inetbanking.testCases.TC_LoginPage_001 -->
